2026-01-01 12:42:05,987 INFO o.a.j.u.JMeterUtils: Setting Locale to en_EN
2026-01-01 12:42:05,998 INFO o.a.j.JMeter: Loading user properties from: /opt/homebrew/Cellar/jmeter/5.6.3/libexec/bin/user.properties
2026-01-01 12:42:05,999 INFO o.a.j.JMeter: Loading system properties from: /opt/homebrew/Cellar/jmeter/5.6.3/libexec/bin/system.properties
2026-01-01 12:42:06,001 INFO o.a.j.JMeter: Copyright (c) 1998-2024 The Apache Software Foundation
2026-01-01 12:42:06,001 INFO o.a.j.JMeter: Version 5.6.3
2026-01-01 12:42:06,001 INFO o.a.j.JMeter: java.version=21.0.9
2026-01-01 12:42:06,001 INFO o.a.j.JMeter: java.vm.name=OpenJDK 64-Bit Server VM
2026-01-01 12:42:06,002 INFO o.a.j.JMeter: os.name=Mac OS X
2026-01-01 12:42:06,002 INFO o.a.j.JMeter: os.arch=aarch64
2026-01-01 12:42:06,002 INFO o.a.j.JMeter: os.version=14.3
2026-01-01 12:42:06,002 INFO o.a.j.JMeter: file.encoding=UTF-8
2026-01-01 12:42:06,002 INFO o.a.j.JMeter: java.awt.headless=true
2026-01-01 12:42:06,002 INFO o.a.j.JMeter: Max memory     =1073741824
2026-01-01 12:42:06,002 INFO o.a.j.JMeter: Available Processors =8
2026-01-01 12:42:06,007 INFO o.a.j.JMeter: Default Locale=English (EN)
2026-01-01 12:42:06,007 INFO o.a.j.JMeter: JMeter  Locale=English (EN)
2026-01-01 12:42:06,007 INFO o.a.j.JMeter: JMeterHome=/opt/homebrew/Cellar/jmeter/5.6.3/libexec
2026-01-01 12:42:06,007 INFO o.a.j.JMeter: user.dir  =/Users/zljny/Desktop/uniticket/项目
2026-01-01 12:42:06,007 INFO o.a.j.JMeter: PWD       =/Users/zljny/Desktop/uniticket/项目
2026-01-01 12:42:06,008 INFO o.a.j.JMeter: IP: 127.0.0.1 Name: mashunliangdebijibendiannao.local FullName: localhost
2026-01-01 12:42:06,015 INFO o.a.j.s.FileServer: Default base='/Users/zljny/Desktop/uniticket/项目'
2026-01-01 12:42:06,016 INFO o.a.j.s.FileServer: Set new base='/Users/zljny/Desktop/uniticket'
2026-01-01 12:42:06,102 INFO o.a.j.s.SaveService: Testplan (JMX) version: 2.2. Testlog (JTL) version: 2.2
2026-01-01 12:42:06,123 INFO o.a.j.s.SaveService: Using SaveService properties version 5.0
2026-01-01 12:42:06,124 INFO o.a.j.s.SaveService: Using SaveService properties file encoding UTF-8
2026-01-01 12:42:06,125 INFO o.a.j.s.SaveService: Loading file: /Users/zljny/Desktop/uniticket/venue-logical-expire-test.jmx
2026-01-01 12:42:06,156 INFO o.a.j.p.h.s.HTTPSamplerBase: Parser for text/html is org.apache.jmeter.protocol.http.parser.LagartoBasedHtmlParser
2026-01-01 12:42:06,157 INFO o.a.j.p.h.s.HTTPSamplerBase: Parser for application/xhtml+xml is org.apache.jmeter.protocol.http.parser.LagartoBasedHtmlParser
2026-01-01 12:42:06,157 INFO o.a.j.p.h.s.HTTPSamplerBase: Parser for application/xml is org.apache.jmeter.protocol.http.parser.LagartoBasedHtmlParser
2026-01-01 12:42:06,157 INFO o.a.j.p.h.s.HTTPSamplerBase: Parser for text/xml is org.apache.jmeter.protocol.http.parser.LagartoBasedHtmlParser
2026-01-01 12:42:06,157 INFO o.a.j.p.h.s.HTTPSamplerBase: Parser for text/vnd.wap.wml is org.apache.jmeter.protocol.http.parser.RegexpHTMLParser
2026-01-01 12:42:06,157 INFO o.a.j.p.h.s.HTTPSamplerBase: Parser for text/css is org.apache.jmeter.protocol.http.parser.CssParser
2026-01-01 12:42:06,171 INFO o.a.j.JMeter: Creating summariser <summary>
2026-01-01 12:42:06,178 INFO o.a.j.e.StandardJMeterEngine: Running the test!
2026-01-01 12:42:06,178 INFO o.a.j.s.SampleEvent: List of sample_variables: []
2026-01-01 12:42:06,178 INFO o.a.j.s.SampleEvent: List of sample_variables: []
2026-01-01 12:42:06,180 INFO o.a.j.e.u.CompoundVariable: Note: Function class names must contain the string: '.functions.'
2026-01-01 12:42:06,180 INFO o.a.j.e.u.CompoundVariable: Note: Function class names must not contain the string: '.gui.'
2026-01-01 12:42:06,204 INFO o.a.j.r.ClassFinder: Will scan jar /opt/homebrew/Cellar/jmeter/5.6.3/libexec/lib/ext/jmeter-plugins-manager-1.9.jar with filter ExtendsClassFilter [parents=[interface org.apache.jmeter.functions.Function], inner=false, contains=null, notContains=null]. Consider exposing JMeter plugins via META-INF/services, and add JMeter-Skip-Class-Scanning=true manifest attribute so JMeter can skip classfile scanning
2026-01-01 12:42:06,243 INFO o.a.j.JMeter: Running test (1767242526243)
2026-01-01 12:42:06,243 INFO o.a.j.e.StandardJMeterEngine: Starting setUp thread groups
2026-01-01 12:42:06,243 INFO o.a.j.e.StandardJMeterEngine: Starting setUp ThreadGroup: 1 : Setup - Preheat Venue 
2026-01-01 12:42:06,243 INFO o.a.j.e.StandardJMeterEngine: Starting 1 threads for group Setup - Preheat Venue.
2026-01-01 12:42:06,243 INFO o.a.j.e.StandardJMeterEngine: Thread will continue on error
2026-01-01 12:42:06,243 INFO o.a.j.t.ThreadGroup: Starting thread group... number=1 threads=1 ramp-up=1 delayedStart=false
2026-01-01 12:42:06,245 INFO o.a.j.t.ThreadGroup: Started thread group number 1
2026-01-01 12:42:06,245 INFO o.a.j.e.StandardJMeterEngine: Waiting for all setup thread groups to exit
2026-01-01 12:42:06,246 INFO o.a.j.t.JMeterThread: Thread started: Setup - Preheat Venue 1-1
2026-01-01 12:42:06,254 INFO o.a.j.p.h.s.HTTPHCAbstractImpl: Local host = mashunliangdebijibendiannao.local
2026-01-01 12:42:06,257 INFO o.a.j.p.h.s.HTTPHC4Impl: HTTP request retry count = 0
2026-01-01 12:42:06,258 INFO o.a.j.s.SampleResult: Note: Sample TimeStamps are START times
2026-01-01 12:42:06,258 INFO o.a.j.s.SampleResult: sampleresult.default.encoding is set to UTF-8
2026-01-01 12:42:06,258 INFO o.a.j.s.SampleResult: sampleresult.useNanoTime=true
2026-01-01 12:42:06,258 INFO o.a.j.s.SampleResult: sampleresult.nanoThreadSleep=5000
2026-01-01 12:42:06,386 INFO o.a.j.t.JMeterThread: Thread is done: Setup - Preheat Venue 1-1
2026-01-01 12:42:06,386 INFO o.a.j.t.JMeterThread: Thread finished: Setup - Preheat Venue 1-1
2026-01-01 12:42:06,386 INFO o.a.j.e.StandardJMeterEngine: All Setup Threads have ended
2026-01-01 12:42:06,395 INFO o.a.j.e.StandardJMeterEngine: Starting ThreadGroup: 1 : Concurrent - Logic Expire Query
2026-01-01 12:42:06,395 INFO o.a.j.e.StandardJMeterEngine: Starting 200 threads for group Concurrent - Logic Expire Query.
2026-01-01 12:42:06,395 INFO o.a.j.e.StandardJMeterEngine: Thread will continue on error
2026-01-01 12:42:06,395 INFO o.a.j.t.ThreadGroup: Starting thread group... number=1 threads=200 ramp-up=2 delayedStart=false
2026-01-01 12:42:06,395 INFO o.a.j.t.JMeterThread: Thread started: Concurrent - Logic Expire Query 1-1
2026-01-01 12:42:06,406 INFO o.a.j.t.JMeterThread: Thread started: Concurrent - Logic Expire Query 1-2
2026-01-01 12:42:06,411 INFO o.a.j.t.ThreadGroup: Started thread group number 1
2026-01-01 12:42:06,411 INFO o.a.j.e.StandardJMeterEngine: All thread groups have been started
2026-01-01 12:42:06,421 INFO o.a.j.t.JMeterThread: Thread started: Concurrent - Logic Expire Query 1-3
2026-01-01 12:42:06,431 INFO o.a.j.t.JMeterThread: Thread started: Concurrent - Logic Expire Query 1-4
2026-01-01 12:42:06,437 INFO o.a.j.t.JMeterThread: Thread started: Concurrent - Logic Expire Query 1-5
2026-01-01 12:42:06,446 INFO o.a.j.t.JMeterThread: Thread started: Concurrent - Logic Expire Query 1-6
2026-01-01 12:42:06,458 INFO o.a.j.t.JMeterThread: Thread started: Concurrent - Logic Expire Query 1-7
2026-01-01 12:42:06,466 INFO o.a.j.t.JMeterThread: Thread started: Concurrent - Logic Expire Query 1-8
2026-01-01 12:42:06,479 INFO o.a.j.t.JMeterThread: Thread started: Concurrent - Logic Expire Query 1-9
2026-01-01 12:42:06,491 INFO o.a.j.t.JMeterThread: Thread started: Concurrent - Logic Expire Query 1-10
2026-01-01 12:42:06,496 INFO o.a.j.t.JMeterThread: Thread started: Concurrent - Logic Expire Query 1-11
2026-01-01 12:42:06,505 INFO o.a.j.t.JMeterThread: Thread started: Concurrent - Logic Expire Query 1-12
2026-01-01 12:42:06,515 INFO o.a.j.t.JMeterThread: Thread started: Concurrent - Logic Expire Query 1-13
2026-01-01 12:42:06,530 INFO o.a.j.t.JMeterThread: Thread started: Concurrent - Logic Expire Query 1-14
2026-01-01 12:42:06,538 INFO o.a.j.t.JMeterThread: Thread started: Concurrent - Logic Expire Query 1-15
2026-01-01 12:42:06,546 INFO o.a.j.t.JMeterThread: Thread started: Concurrent - Logic Expire Query 1-16
2026-01-01 12:42:06,556 INFO o.a.j.t.JMeterThread: Thread started: Concurrent - Logic Expire Query 1-17
2026-01-01 12:42:06,566 INFO o.a.j.t.JMeterThread: Thread started: Concurrent - Logic Expire Query 1-18
2026-01-01 12:42:06,576 INFO o.a.j.t.JMeterThread: Thread started: Concurrent - Logic Expire Query 1-19
2026-01-01 12:42:06,587 INFO o.a.j.t.JMeterThread: Thread started: Concurrent - Logic Expire Query 1-20
2026-01-01 12:42:06,597 INFO o.a.j.t.JMeterThread: Thread started: Concurrent - Logic Expire Query 1-21
2026-01-01 12:42:06,610 INFO o.a.j.t.JMeterThread: Thread started: Concurrent - Logic Expire Query 1-22
2026-01-01 12:42:06,617 INFO o.a.j.t.JMeterThread: Thread started: Concurrent - Logic Expire Query 1-23
2026-01-01 12:42:06,626 INFO o.a.j.t.JMeterThread: Thread started: Concurrent - Logic Expire Query 1-24
2026-01-01 12:42:06,636 INFO o.a.j.t.JMeterThread: Thread started: Concurrent - Logic Expire Query 1-25
2026-01-01 12:42:06,646 INFO o.a.j.t.JMeterThread: Thread started: Concurrent - Logic Expire Query 1-26
2026-01-01 12:42:06,659 INFO o.a.j.t.JMeterThread: Thread started: Concurrent - Logic Expire Query 1-27
2026-01-01 12:42:06,671 INFO o.a.j.t.JMeterThread: Thread started: Concurrent - Logic Expire Query 1-28
2026-01-01 12:42:06,681 INFO o.a.j.t.JMeterThread: Thread started: Concurrent - Logic Expire Query 1-29
2026-01-01 12:42:06,687 INFO o.a.j.t.JMeterThread: Thread started: Concurrent - Logic Expire Query 1-30
2026-01-01 12:42:06,695 INFO o.a.j.t.JMeterThread: Thread started: Concurrent - Logic Expire Query 1-31
2026-01-01 12:42:06,710 INFO o.a.j.t.JMeterThread: Thread started: Concurrent - Logic Expire Query 1-32
2026-01-01 12:42:06,720 INFO o.a.j.t.JMeterThread: Thread started: Concurrent - Logic Expire Query 1-33
2026-01-01 12:42:06,730 INFO o.a.j.t.JMeterThread: Thread started: Concurrent - Logic Expire Query 1-34
2026-01-01 12:42:06,740 INFO o.a.j.t.JMeterThread: Thread started: Concurrent - Logic Expire Query 1-35
2026-01-01 12:42:06,750 INFO o.a.j.t.JMeterThread: Thread started: Concurrent - Logic Expire Query 1-36
2026-01-01 12:42:06,761 INFO o.a.j.t.JMeterThread: Thread started: Concurrent - Logic Expire Query 1-37
2026-01-01 12:42:06,766 INFO o.a.j.t.JMeterThread: Thread started: Concurrent - Logic Expire Query 1-38
2026-01-01 12:42:06,777 INFO o.a.j.t.JMeterThread: Thread started: Concurrent - Logic Expire Query 1-39
2026-01-01 12:42:06,789 INFO o.a.j.t.JMeterThread: Thread started: Concurrent - Logic Expire Query 1-40
2026-01-01 12:42:06,801 INFO o.a.j.t.JMeterThread: Thread started: Concurrent - Logic Expire Query 1-41
2026-01-01 12:42:06,810 INFO o.a.j.t.JMeterThread: Thread started: Concurrent - Logic Expire Query 1-42
2026-01-01 12:42:06,820 INFO o.a.j.t.JMeterThread: Thread started: Concurrent - Logic Expire Query 1-43
2026-01-01 12:42:06,830 INFO o.a.j.t.JMeterThread: Thread started: Concurrent - Logic Expire Query 1-44
2026-01-01 12:42:06,840 INFO o.a.j.t.JMeterThread: Thread started: Concurrent - Logic Expire Query 1-45
2026-01-01 12:42:06,850 INFO o.a.j.t.JMeterThread: Thread started: Concurrent - Logic Expire Query 1-46
2026-01-01 12:42:06,860 INFO o.a.j.t.JMeterThread: Thread started: Concurrent - Logic Expire Query 1-47
2026-01-01 12:42:06,866 INFO o.a.j.t.JMeterThread: Thread started: Concurrent - Logic Expire Query 1-48
2026-01-01 12:42:06,880 INFO o.a.j.t.JMeterThread: Thread started: Concurrent - Logic Expire Query 1-49
2026-01-01 12:42:06,890 INFO o.a.j.t.JMeterThread: Thread started: Concurrent - Logic Expire Query 1-50
2026-01-01 12:42:06,901 INFO o.a.j.t.JMeterThread: Thread started: Concurrent - Logic Expire Query 1-51
2026-01-01 12:42:06,911 INFO o.a.j.t.JMeterThread: Thread started: Concurrent - Logic Expire Query 1-52
2026-01-01 12:42:06,921 INFO o.a.j.t.JMeterThread: Thread started: Concurrent - Logic Expire Query 1-53
2026-01-01 12:42:06,938 INFO o.a.j.t.JMeterThread: Thread started: Concurrent - Logic Expire Query 1-54
2026-01-01 12:42:06,940 INFO o.a.j.t.JMeterThread: Thread started: Concurrent - Logic Expire Query 1-55
2026-01-01 12:42:06,946 INFO o.a.j.t.JMeterThread: Thread started: Concurrent - Logic Expire Query 1-56
2026-01-01 12:42:06,960 INFO o.a.j.t.JMeterThread: Thread started: Concurrent - Logic Expire Query 1-57
2026-01-01 12:42:06,970 INFO o.a.j.t.JMeterThread: Thread started: Concurrent - Logic Expire Query 1-58
2026-01-01 12:42:06,980 INFO o.a.j.t.JMeterThread: Thread started: Concurrent - Logic Expire Query 1-59
2026-01-01 12:42:06,990 INFO o.a.j.t.JMeterThread: Thread started: Concurrent - Logic Expire Query 1-60
2026-01-01 12:42:07,000 INFO o.a.j.t.JMeterThread: Thread started: Concurrent - Logic Expire Query 1-61
2026-01-01 12:42:07,010 INFO o.a.j.t.JMeterThread: Thread started: Concurrent - Logic Expire Query 1-62
2026-01-01 12:42:07,021 INFO o.a.j.t.JMeterThread: Thread started: Concurrent - Logic Expire Query 1-63
2026-01-01 12:42:07,030 INFO o.a.j.t.JMeterThread: Thread started: Concurrent - Logic Expire Query 1-64
2026-01-01 12:42:07,041 INFO o.a.j.t.JMeterThread: Thread started: Concurrent - Logic Expire Query 1-65
2026-01-01 12:42:07,051 INFO o.a.j.t.JMeterThread: Thread started: Concurrent - Logic Expire Query 1-66
2026-01-01 12:42:07,061 INFO o.a.j.t.JMeterThread: Thread started: Concurrent - Logic Expire Query 1-67
2026-01-01 12:42:07,071 INFO o.a.j.t.JMeterThread: Thread started: Concurrent - Logic Expire Query 1-68
2026-01-01 12:42:07,080 INFO o.a.j.t.JMeterThread: Thread started: Concurrent - Logic Expire Query 1-69
2026-01-01 12:42:07,090 INFO o.a.j.t.JMeterThread: Thread started: Concurrent - Logic Expire Query 1-70
2026-01-01 12:42:07,100 INFO o.a.j.t.JMeterThread: Thread started: Concurrent - Logic Expire Query 1-71
2026-01-01 12:42:07,110 INFO o.a.j.t.JMeterThread: Thread started: Concurrent - Logic Expire Query 1-72
2026-01-01 12:42:07,120 INFO o.a.j.t.JMeterThread: Thread started: Concurrent - Logic Expire Query 1-73
2026-01-01 12:42:07,130 INFO o.a.j.t.JMeterThread: Thread started: Concurrent - Logic Expire Query 1-74
2026-01-01 12:42:07,140 INFO o.a.j.t.JMeterThread: Thread started: Concurrent - Logic Expire Query 1-75
2026-01-01 12:42:07,145 INFO o.a.j.t.JMeterThread: Thread started: Concurrent - Logic Expire Query 1-76
2026-01-01 12:42:07,160 INFO o.a.j.t.JMeterThread: Thread started: Concurrent - Logic Expire Query 1-77
2026-01-01 12:42:07,170 INFO o.a.j.t.JMeterThread: Thread started: Concurrent - Logic Expire Query 1-78
2026-01-01 12:42:07,180 INFO o.a.j.t.JMeterThread: Thread started: Concurrent - Logic Expire Query 1-79
2026-01-01 12:42:07,190 INFO o.a.j.t.JMeterThread: Thread started: Concurrent - Logic Expire Query 1-80
2026-01-01 12:42:07,201 INFO o.a.j.t.JMeterThread: Thread started: Concurrent - Logic Expire Query 1-81
2026-01-01 12:42:07,211 INFO o.a.j.t.JMeterThread: Thread started: Concurrent - Logic Expire Query 1-82
2026-01-01 12:42:07,221 INFO o.a.j.t.JMeterThread: Thread started: Concurrent - Logic Expire Query 1-83
2026-01-01 12:42:07,231 INFO o.a.j.t.JMeterThread: Thread started: Concurrent - Logic Expire Query 1-84
2026-01-01 12:42:07,241 INFO o.a.j.t.JMeterThread: Thread started: Concurrent - Logic Expire Query 1-85
2026-01-01 12:42:07,250 INFO o.a.j.t.JMeterThread: Thread started: Concurrent - Logic Expire Query 1-86
2026-01-01 12:42:07,260 INFO o.a.j.t.JMeterThread: Thread started: Concurrent - Logic Expire Query 1-87
2026-01-01 12:42:07,270 INFO o.a.j.t.JMeterThread: Thread started: Concurrent - Logic Expire Query 1-88
2026-01-01 12:42:07,280 INFO o.a.j.t.JMeterThread: Thread started: Concurrent - Logic Expire Query 1-89
2026-01-01 12:42:07,287 INFO o.a.j.t.JMeterThread: Thread started: Concurrent - Logic Expire Query 1-90
2026-01-01 12:42:07,295 INFO o.a.j.t.JMeterThread: Thread started: Concurrent - Logic Expire Query 1-91
2026-01-01 12:42:07,310 INFO o.a.j.t.JMeterThread: Thread started: Concurrent - Logic Expire Query 1-92
2026-01-01 12:42:07,317 INFO o.a.j.t.JMeterThread: Thread started: Concurrent - Logic Expire Query 1-93
2026-01-01 12:42:07,326 INFO o.a.j.t.JMeterThread: Thread started: Concurrent - Logic Expire Query 1-94
2026-01-01 12:42:07,340 INFO o.a.j.t.JMeterThread: Thread started: Concurrent - Logic Expire Query 1-95
2026-01-01 12:42:07,350 INFO o.a.j.t.JMeterThread: Thread started: Concurrent - Logic Expire Query 1-96
2026-01-01 12:42:07,360 INFO o.a.j.t.JMeterThread: Thread started: Concurrent - Logic Expire Query 1-97
2026-01-01 12:42:07,370 INFO o.a.j.t.JMeterThread: Thread started: Concurrent - Logic Expire Query 1-98
2026-01-01 12:42:07,381 INFO o.a.j.t.JMeterThread: Thread started: Concurrent - Logic Expire Query 1-99
2026-01-01 12:42:07,391 INFO o.a.j.t.JMeterThread: Thread started: Concurrent - Logic Expire Query 1-100
2026-01-01 12:42:07,396 INFO o.a.j.t.JMeterThread: Thread started: Concurrent - Logic Expire Query 1-101
2026-01-01 12:42:07,408 INFO o.a.j.t.JMeterThread: Thread started: Concurrent - Logic Expire Query 1-102
2026-01-01 12:42:07,417 INFO o.a.j.t.JMeterThread: Thread started: Concurrent - Logic Expire Query 1-103
2026-01-01 12:42:07,430 INFO o.a.j.t.JMeterThread: Thread started: Concurrent - Logic Expire Query 1-104
2026-01-01 12:42:07,438 INFO o.a.j.t.JMeterThread: Thread started: Concurrent - Logic Expire Query 1-105
2026-01-01 12:42:07,446 INFO o.a.j.t.JMeterThread: Thread started: Concurrent - Logic Expire Query 1-106
2026-01-01 12:42:07,460 INFO o.a.j.t.JMeterThread: Thread started: Concurrent - Logic Expire Query 1-107
2026-01-01 12:42:07,471 INFO o.a.j.t.JMeterThread: Thread started: Concurrent - Logic Expire Query 1-108
2026-01-01 12:42:07,480 INFO o.a.j.t.JMeterThread: Thread started: Concurrent - Logic Expire Query 1-109
2026-01-01 12:42:07,491 INFO o.a.j.t.JMeterThread: Thread started: Concurrent - Logic Expire Query 1-110
2026-01-01 12:42:07,500 INFO o.a.j.t.JMeterThread: Thread started: Concurrent - Logic Expire Query 1-111
2026-01-01 12:42:07,510 INFO o.a.j.t.JMeterThread: Thread started: Concurrent - Logic Expire Query 1-112
2026-01-01 12:42:07,520 INFO o.a.j.t.JMeterThread: Thread started: Concurrent - Logic Expire Query 1-113
2026-01-01 12:42:07,527 INFO o.a.j.t.JMeterThread: Thread started: Concurrent - Logic Expire Query 1-114
2026-01-01 12:42:07,541 INFO o.a.j.t.JMeterThread: Thread started: Concurrent - Logic Expire Query 1-115
2026-01-01 12:42:07,551 INFO o.a.j.t.JMeterThread: Thread started: Concurrent - Logic Expire Query 1-116
2026-01-01 12:42:07,566 INFO o.a.j.t.JMeterThread: Thread started: Concurrent - Logic Expire Query 1-117
2026-01-01 12:42:07,566 INFO o.a.j.t.JMeterThread: Thread started: Concurrent - Logic Expire Query 1-118
2026-01-01 12:42:07,580 INFO o.a.j.t.JMeterThread: Thread started: Concurrent - Logic Expire Query 1-119
2026-01-01 12:42:07,586 INFO o.a.j.t.JMeterThread: Thread started: Concurrent - Logic Expire Query 1-120
2026-01-01 12:42:07,598 INFO o.a.j.t.JMeterThread: Thread started: Concurrent - Logic Expire Query 1-121
2026-01-01 12:42:07,610 INFO o.a.j.t.JMeterThread: Thread started: Concurrent - Logic Expire Query 1-122
2026-01-01 12:42:07,620 INFO o.a.j.t.JMeterThread: Thread started: Concurrent - Logic Expire Query 1-123
2026-01-01 12:42:07,630 INFO o.a.j.t.JMeterThread: Thread started: Concurrent - Logic Expire Query 1-124
2026-01-01 12:42:07,636 INFO o.a.j.t.JMeterThread: Thread started: Concurrent - Logic Expire Query 1-125
2026-01-01 12:42:07,652 INFO o.a.j.t.JMeterThread: Thread started: Concurrent - Logic Expire Query 1-126
2026-01-01 12:42:07,657 INFO o.a.j.t.JMeterThread: Thread started: Concurrent - Logic Expire Query 1-127
2026-01-01 12:42:07,669 INFO o.a.j.t.JMeterThread: Thread started: Concurrent - Logic Expire Query 1-128
2026-01-01 12:42:07,681 INFO o.a.j.t.JMeterThread: Thread started: Concurrent - Logic Expire Query 1-129
2026-01-01 12:42:07,685 INFO o.a.j.t.JMeterThread: Thread started: Concurrent - Logic Expire Query 1-130
2026-01-01 12:42:07,700 INFO o.a.j.t.JMeterThread: Thread started: Concurrent - Logic Expire Query 1-131
2026-01-01 12:42:07,711 INFO o.a.j.t.JMeterThread: Thread started: Concurrent - Logic Expire Query 1-132
2026-01-01 12:42:07,720 INFO o.a.j.t.JMeterThread: Thread started: Concurrent - Logic Expire Query 1-133
2026-01-01 12:42:07,730 INFO o.a.j.t.JMeterThread: Thread started: Concurrent - Logic Expire Query 1-134
2026-01-01 12:42:07,736 INFO o.a.j.t.JMeterThread: Thread started: Concurrent - Logic Expire Query 1-135
2026-01-01 12:42:07,749 INFO o.a.j.t.JMeterThread: Thread started: Concurrent - Logic Expire Query 1-136
2026-01-01 12:42:07,757 INFO o.a.j.t.JMeterThread: Thread started: Concurrent - Logic Expire Query 1-137
2026-01-01 12:42:07,770 INFO o.a.j.t.JMeterThread: Thread started: Concurrent - Logic Expire Query 1-138
2026-01-01 12:42:07,780 INFO o.a.j.t.JMeterThread: Thread started: Concurrent - Logic Expire Query 1-139
2026-01-01 12:42:07,790 INFO o.a.j.t.JMeterThread: Thread started: Concurrent - Logic Expire Query 1-140
2026-01-01 12:42:07,797 INFO o.a.j.t.JMeterThread: Thread started: Concurrent - Logic Expire Query 1-141
2026-01-01 12:42:07,811 INFO o.a.j.t.JMeterThread: Thread started: Concurrent - Logic Expire Query 1-142
2026-01-01 12:42:07,819 INFO o.a.j.t.JMeterThread: Thread started: Concurrent - Logic Expire Query 1-143
2026-01-01 12:42:07,828 INFO o.a.j.t.JMeterThread: Thread started: Concurrent - Logic Expire Query 1-144
2026-01-01 12:42:07,840 INFO o.a.j.t.JMeterThread: Thread started: Concurrent - Logic Expire Query 1-145
2026-01-01 12:42:07,850 INFO o.a.j.t.JMeterThread: Thread started: Concurrent - Logic Expire Query 1-146
2026-01-01 12:42:07,860 INFO o.a.j.t.JMeterThread: Thread started: Concurrent - Logic Expire Query 1-147
2026-01-01 12:42:07,870 INFO o.a.j.t.JMeterThread: Thread started: Concurrent - Logic Expire Query 1-148
2026-01-01 12:42:07,875 INFO o.a.j.t.JMeterThread: Thread started: Concurrent - Logic Expire Query 1-149
2026-01-01 12:42:07,887 INFO o.a.j.t.JMeterThread: Thread started: Concurrent - Logic Expire Query 1-150
2026-01-01 12:42:07,909 INFO o.a.j.t.JMeterThread: Thread started: Concurrent - Logic Expire Query 1-151
2026-01-01 12:42:07,911 INFO o.a.j.t.JMeterThread: Thread started: Concurrent - Logic Expire Query 1-152
2026-01-01 12:42:07,919 INFO o.a.j.t.JMeterThread: Thread started: Concurrent - Logic Expire Query 1-153
2026-01-01 12:42:07,931 INFO o.a.j.t.JMeterThread: Thread started: Concurrent - Logic Expire Query 1-154
2026-01-01 12:42:07,937 INFO o.a.j.t.JMeterThread: Thread started: Concurrent - Logic Expire Query 1-155
2026-01-01 12:42:07,945 INFO o.a.j.t.JMeterThread: Thread started: Concurrent - Logic Expire Query 1-156
2026-01-01 12:42:07,960 INFO o.a.j.t.JMeterThread: Thread started: Concurrent - Logic Expire Query 1-157
2026-01-01 12:42:07,971 INFO o.a.j.t.JMeterThread: Thread started: Concurrent - Logic Expire Query 1-158
2026-01-01 12:42:07,980 INFO o.a.j.t.JMeterThread: Thread started: Concurrent - Logic Expire Query 1-159
2026-01-01 12:42:07,990 INFO o.a.j.t.JMeterThread: Thread started: Concurrent - Logic Expire Query 1-160
2026-01-01 12:42:08,000 INFO o.a.j.t.JMeterThread: Thread started: Concurrent - Logic Expire Query 1-161
2026-01-01 12:42:08,009 INFO o.a.j.t.JMeterThread: Thread started: Concurrent - Logic Expire Query 1-162
2026-01-01 12:42:08,020 INFO o.a.j.t.JMeterThread: Thread started: Concurrent - Logic Expire Query 1-163
2026-01-01 12:42:08,029 INFO o.a.j.t.JMeterThread: Thread started: Concurrent - Logic Expire Query 1-164
2026-01-01 12:42:08,040 INFO o.a.j.t.JMeterThread: Thread started: Concurrent - Logic Expire Query 1-165
2026-01-01 12:42:08,050 INFO o.a.j.t.JMeterThread: Thread started: Concurrent - Logic Expire Query 1-166
2026-01-01 12:42:08,060 INFO o.a.j.t.JMeterThread: Thread started: Concurrent - Logic Expire Query 1-167
2026-01-01 12:42:08,070 INFO o.a.j.t.JMeterThread: Thread started: Concurrent - Logic Expire Query 1-168
2026-01-01 12:42:08,076 INFO o.a.j.t.JMeterThread: Thread started: Concurrent - Logic Expire Query 1-169
2026-01-01 12:42:08,090 INFO o.a.j.t.JMeterThread: Thread started: Concurrent - Logic Expire Query 1-170
2026-01-01 12:42:08,100 INFO o.a.j.t.JMeterThread: Thread started: Concurrent - Logic Expire Query 1-171
2026-01-01 12:42:08,110 INFO o.a.j.t.JMeterThread: Thread started: Concurrent - Logic Expire Query 1-172
2026-01-01 12:42:08,120 INFO o.a.j.t.JMeterThread: Thread started: Concurrent - Logic Expire Query 1-173
2026-01-01 12:42:08,131 INFO o.a.j.t.JMeterThread: Thread started: Concurrent - Logic Expire Query 1-174
2026-01-01 12:42:08,140 INFO o.a.j.t.JMeterThread: Thread started: Concurrent - Logic Expire Query 1-175
2026-01-01 12:42:08,151 INFO o.a.j.t.JMeterThread: Thread started: Concurrent - Logic Expire Query 1-176
2026-01-01 12:42:08,160 INFO o.a.j.t.JMeterThread: Thread started: Concurrent - Logic Expire Query 1-177
2026-01-01 12:42:08,170 INFO o.a.j.t.JMeterThread: Thread started: Concurrent - Logic Expire Query 1-178
2026-01-01 12:42:08,180 INFO o.a.j.t.JMeterThread: Thread started: Concurrent - Logic Expire Query 1-179
2026-01-01 12:42:08,190 INFO o.a.j.t.JMeterThread: Thread started: Concurrent - Logic Expire Query 1-180
2026-01-01 12:42:08,196 INFO o.a.j.t.JMeterThread: Thread started: Concurrent - Logic Expire Query 1-181
2026-01-01 12:42:08,210 INFO o.a.j.t.JMeterThread: Thread started: Concurrent - Logic Expire Query 1-182
2026-01-01 12:42:08,220 INFO o.a.j.t.JMeterThread: Thread started: Concurrent - Logic Expire Query 1-183
2026-01-01 12:42:08,230 INFO o.a.j.t.JMeterThread: Thread started: Concurrent - Logic Expire Query 1-184
2026-01-01 12:42:08,240 INFO o.a.j.t.JMeterThread: Thread started: Concurrent - Logic Expire Query 1-185
2026-01-01 12:42:08,250 INFO o.a.j.t.JMeterThread: Thread started: Concurrent - Logic Expire Query 1-186
2026-01-01 12:42:08,260 INFO o.a.j.t.JMeterThread: Thread started: Concurrent - Logic Expire Query 1-187
2026-01-01 12:42:08,270 INFO o.a.j.t.JMeterThread: Thread started: Concurrent - Logic Expire Query 1-188
2026-01-01 12:42:08,281 INFO o.a.j.t.JMeterThread: Thread started: Concurrent - Logic Expire Query 1-189
2026-01-01 12:42:08,291 INFO o.a.j.t.JMeterThread: Thread started: Concurrent - Logic Expire Query 1-190
2026-01-01 12:42:08,300 INFO o.a.j.t.JMeterThread: Thread started: Concurrent - Logic Expire Query 1-191
2026-01-01 12:42:08,310 INFO o.a.j.t.JMeterThread: Thread started: Concurrent - Logic Expire Query 1-192
2026-01-01 12:42:08,315 INFO o.a.j.t.JMeterThread: Thread started: Concurrent - Logic Expire Query 1-193
2026-01-01 12:42:08,330 INFO o.a.j.t.JMeterThread: Thread started: Concurrent - Logic Expire Query 1-194
2026-01-01 12:42:08,340 INFO o.a.j.t.JMeterThread: Thread started: Concurrent - Logic Expire Query 1-195
2026-01-01 12:42:08,350 INFO o.a.j.t.JMeterThread: Thread started: Concurrent - Logic Expire Query 1-196
2026-01-01 12:42:08,360 INFO o.a.j.t.JMeterThread: Thread started: Concurrent - Logic Expire Query 1-197
2026-01-01 12:42:08,366 INFO o.a.j.t.JMeterThread: Thread started: Concurrent - Logic Expire Query 1-198
2026-01-01 12:42:08,375 INFO o.a.j.t.JMeterThread: Thread started: Concurrent - Logic Expire Query 1-199
2026-01-01 12:42:08,390 INFO o.a.j.t.JMeterThread: Thread started: Concurrent - Logic Expire Query 1-200
2026-01-01 12:42:08,442 INFO o.a.j.t.JMeterThread: Thread is done: Concurrent - Logic Expire Query 1-3
2026-01-01 12:42:08,442 INFO o.a.j.t.JMeterThread: Thread is done: Concurrent - Logic Expire Query 1-4
2026-01-01 12:42:08,442 INFO o.a.j.t.JMeterThread: Thread is done: Concurrent - Logic Expire Query 1-2
2026-01-01 12:42:08,442 INFO o.a.j.t.JMeterThread: Thread finished: Concurrent - Logic Expire Query 1-4
2026-01-01 12:42:08,442 INFO o.a.j.t.JMeterThread: Thread is done: Concurrent - Logic Expire Query 1-1
2026-01-01 12:42:08,442 INFO o.a.j.t.JMeterThread: Thread finished: Concurrent - Logic Expire Query 1-1
2026-01-01 12:42:08,442 INFO o.a.j.t.JMeterThread: Thread finished: Concurrent - Logic Expire Query 1-2
2026-01-01 12:42:08,442 INFO o.a.j.t.JMeterThread: Thread finished: Concurrent - Logic Expire Query 1-3
2026-01-01 12:42:08,443 INFO o.a.j.t.JMeterThread: Thread is done: Concurrent - Logic Expire Query 1-5
2026-01-01 12:42:08,443 INFO o.a.j.t.JMeterThread: Thread finished: Concurrent - Logic Expire Query 1-5
2026-01-01 12:42:08,454 INFO o.a.j.t.JMeterThread: Thread is done: Concurrent - Logic Expire Query 1-6
2026-01-01 12:42:08,454 INFO o.a.j.t.JMeterThread: Thread finished: Concurrent - Logic Expire Query 1-6
2026-01-01 12:42:08,461 INFO o.a.j.t.JMeterThread: Thread is done: Concurrent - Logic Expire Query 1-7
2026-01-01 12:42:08,461 INFO o.a.j.t.JMeterThread: Thread finished: Concurrent - Logic Expire Query 1-7
2026-01-01 12:42:08,474 INFO o.a.j.t.JMeterThread: Thread is done: Concurrent - Logic Expire Query 1-8
2026-01-01 12:42:08,474 INFO o.a.j.t.JMeterThread: Thread finished: Concurrent - Logic Expire Query 1-8
2026-01-01 12:42:08,482 INFO o.a.j.t.JMeterThread: Thread is done: Concurrent - Logic Expire Query 1-9
2026-01-01 12:42:08,482 INFO o.a.j.t.JMeterThread: Thread finished: Concurrent - Logic Expire Query 1-9
2026-01-01 12:42:08,495 INFO o.a.j.t.JMeterThread: Thread is done: Concurrent - Logic Expire Query 1-10
2026-01-01 12:42:08,495 INFO o.a.j.t.JMeterThread: Thread finished: Concurrent - Logic Expire Query 1-10
2026-01-01 12:42:08,502 INFO o.a.j.t.JMeterThread: Thread is done: Concurrent - Logic Expire Query 1-11
2026-01-01 12:42:08,502 INFO o.a.j.t.JMeterThread: Thread finished: Concurrent - Logic Expire Query 1-11
2026-01-01 12:42:08,510 INFO o.a.j.t.JMeterThread: Thread is done: Concurrent - Logic Expire Query 1-12
2026-01-01 12:42:08,510 INFO o.a.j.t.JMeterThread: Thread finished: Concurrent - Logic Expire Query 1-12
2026-01-01 12:42:08,518 INFO o.a.j.t.JMeterThread: Thread is done: Concurrent - Logic Expire Query 1-13
2026-01-01 12:42:08,518 INFO o.a.j.t.JMeterThread: Thread finished: Concurrent - Logic Expire Query 1-13
2026-01-01 12:42:08,534 INFO o.a.j.t.JMeterThread: Thread is done: Concurrent - Logic Expire Query 1-14
2026-01-01 12:42:08,534 INFO o.a.j.t.JMeterThread: Thread finished: Concurrent - Logic Expire Query 1-14
2026-01-01 12:42:08,546 INFO o.a.j.t.JMeterThread: Thread is done: Concurrent - Logic Expire Query 1-15
2026-01-01 12:42:08,546 INFO o.a.j.t.JMeterThread: Thread finished: Concurrent - Logic Expire Query 1-15
2026-01-01 12:42:08,550 INFO o.a.j.t.JMeterThread: Thread is done: Concurrent - Logic Expire Query 1-16
2026-01-01 12:42:08,550 INFO o.a.j.t.JMeterThread: Thread finished: Concurrent - Logic Expire Query 1-16
2026-01-01 12:42:08,563 INFO o.a.j.t.JMeterThread: Thread is done: Concurrent - Logic Expire Query 1-17
2026-01-01 12:42:08,563 INFO o.a.j.t.JMeterThread: Thread finished: Concurrent - Logic Expire Query 1-17
2026-01-01 12:42:08,573 INFO o.a.j.t.JMeterThread: Thread is done: Concurrent - Logic Expire Query 1-18
2026-01-01 12:42:08,573 INFO o.a.j.t.JMeterThread: Thread finished: Concurrent - Logic Expire Query 1-18
2026-01-01 12:42:08,579 INFO o.a.j.t.JMeterThread: Thread is done: Concurrent - Logic Expire Query 1-19
2026-01-01 12:42:08,579 INFO o.a.j.t.JMeterThread: Thread finished: Concurrent - Logic Expire Query 1-19
2026-01-01 12:42:08,594 INFO o.a.j.t.JMeterThread: Thread is done: Concurrent - Logic Expire Query 1-20
2026-01-01 12:42:08,595 INFO o.a.j.t.JMeterThread: Thread finished: Concurrent - Logic Expire Query 1-20
2026-01-01 12:42:08,602 INFO o.a.j.t.JMeterThread: Thread is done: Concurrent - Logic Expire Query 1-21
2026-01-01 12:42:08,602 INFO o.a.j.t.JMeterThread: Thread finished: Concurrent - Logic Expire Query 1-21
2026-01-01 12:42:08,613 INFO o.a.j.t.JMeterThread: Thread is done: Concurrent - Logic Expire Query 1-22
2026-01-01 12:42:08,613 INFO o.a.j.t.JMeterThread: Thread finished: Concurrent - Logic Expire Query 1-22
2026-01-01 12:42:08,621 INFO o.a.j.t.JMeterThread: Thread is done: Concurrent - Logic Expire Query 1-23
2026-01-01 12:42:08,622 INFO o.a.j.t.JMeterThread: Thread finished: Concurrent - Logic Expire Query 1-23
2026-01-01 12:42:08,633 INFO o.a.j.t.JMeterThread: Thread is done: Concurrent - Logic Expire Query 1-24
2026-01-01 12:42:08,633 INFO o.a.j.t.JMeterThread: Thread finished: Concurrent - Logic Expire Query 1-24
2026-01-01 12:42:08,646 INFO o.a.j.t.JMeterThread: Thread is done: Concurrent - Logic Expire Query 1-25
2026-01-01 12:42:08,646 INFO o.a.j.t.JMeterThread: Thread finished: Concurrent - Logic Expire Query 1-25
2026-01-01 12:42:08,651 INFO o.a.j.t.JMeterThread: Thread is done: Concurrent - Logic Expire Query 1-26
2026-01-01 12:42:08,652 INFO o.a.j.t.JMeterThread: Thread finished: Concurrent - Logic Expire Query 1-26
2026-01-01 12:42:08,663 INFO o.a.j.t.JMeterThread: Thread is done: Concurrent - Logic Expire Query 1-27
2026-01-01 12:42:08,663 INFO o.a.j.t.JMeterThread: Thread finished: Concurrent - Logic Expire Query 1-27
2026-01-01 12:42:08,679 INFO o.a.j.t.JMeterThread: Thread is done: Concurrent - Logic Expire Query 1-28
2026-01-01 12:42:08,679 INFO o.a.j.t.JMeterThread: Thread finished: Concurrent - Logic Expire Query 1-28
2026-01-01 12:42:08,684 INFO o.a.j.t.JMeterThread: Thread is done: Concurrent - Logic Expire Query 1-29
2026-01-01 12:42:08,684 INFO o.a.j.t.JMeterThread: Thread finished: Concurrent - Logic Expire Query 1-29
2026-01-01 12:42:08,695 INFO o.a.j.t.JMeterThread: Thread is done: Concurrent - Logic Expire Query 1-30
2026-01-01 12:42:08,695 INFO o.a.j.t.JMeterThread: Thread finished: Concurrent - Logic Expire Query 1-30
2026-01-01 12:42:08,703 INFO o.a.j.t.JMeterThread: Thread is done: Concurrent - Logic Expire Query 1-31
2026-01-01 12:42:08,703 INFO o.a.j.t.JMeterThread: Thread finished: Concurrent - Logic Expire Query 1-31
2026-01-01 12:42:08,716 INFO o.a.j.t.JMeterThread: Thread is done: Concurrent - Logic Expire Query 1-32
2026-01-01 12:42:08,716 INFO o.a.j.t.JMeterThread: Thread finished: Concurrent - Logic Expire Query 1-32
2026-01-01 12:42:08,726 INFO o.a.j.t.JMeterThread: Thread is done: Concurrent - Logic Expire Query 1-33
2026-01-01 12:42:08,726 INFO o.a.j.t.JMeterThread: Thread finished: Concurrent - Logic Expire Query 1-33
2026-01-01 12:42:08,736 INFO o.a.j.t.JMeterThread: Thread is done: Concurrent - Logic Expire Query 1-34
2026-01-01 12:42:08,736 INFO o.a.j.t.JMeterThread: Thread finished: Concurrent - Logic Expire Query 1-34
2026-01-01 12:42:08,747 INFO o.a.j.t.JMeterThread: Thread is done: Concurrent - Logic Expire Query 1-35
2026-01-01 12:42:08,747 INFO o.a.j.t.JMeterThread: Thread finished: Concurrent - Logic Expire Query 1-35
2026-01-01 12:42:08,754 INFO o.a.j.t.JMeterThread: Thread is done: Concurrent - Logic Expire Query 1-36
2026-01-01 12:42:08,754 INFO o.a.j.t.JMeterThread: Thread finished: Concurrent - Logic Expire Query 1-36
2026-01-01 12:42:08,769 INFO o.a.j.t.JMeterThread: Thread is done: Concurrent - Logic Expire Query 1-37
2026-01-01 12:42:08,769 INFO o.a.j.t.JMeterThread: Thread finished: Concurrent - Logic Expire Query 1-37
2026-01-01 12:42:08,770 INFO o.a.j.t.JMeterThread: Thread is done: Concurrent - Logic Expire Query 1-38
2026-01-01 12:42:08,770 INFO o.a.j.t.JMeterThread: Thread finished: Concurrent - Logic Expire Query 1-38
2026-01-01 12:42:08,782 INFO o.a.j.t.JMeterThread: Thread is done: Concurrent - Logic Expire Query 1-39
2026-01-01 12:42:08,782 INFO o.a.j.t.JMeterThread: Thread finished: Concurrent - Logic Expire Query 1-39
2026-01-01 12:42:08,793 INFO o.a.j.t.JMeterThread: Thread is done: Concurrent - Logic Expire Query 1-40
2026-01-01 12:42:08,793 INFO o.a.j.t.JMeterThread: Thread finished: Concurrent - Logic Expire Query 1-40
2026-01-01 12:42:08,807 INFO o.a.j.t.JMeterThread: Thread is done: Concurrent - Logic Expire Query 1-41
2026-01-01 12:42:08,807 INFO o.a.j.t.JMeterThread: Thread finished: Concurrent - Logic Expire Query 1-41
2026-01-01 12:42:08,817 INFO o.a.j.t.JMeterThread: Thread is done: Concurrent - Logic Expire Query 1-42
2026-01-01 12:42:08,817 INFO o.a.j.t.JMeterThread: Thread finished: Concurrent - Logic Expire Query 1-42
2026-01-01 12:42:08,827 INFO o.a.j.t.JMeterThread: Thread is done: Concurrent - Logic Expire Query 1-43
2026-01-01 12:42:08,827 INFO o.a.j.t.JMeterThread: Thread finished: Concurrent - Logic Expire Query 1-43
2026-01-01 12:42:08,839 INFO o.a.j.t.JMeterThread: Thread is done: Concurrent - Logic Expire Query 1-44
2026-01-01 12:42:08,839 INFO o.a.j.t.JMeterThread: Thread finished: Concurrent - Logic Expire Query 1-44
2026-01-01 12:42:08,848 INFO o.a.j.t.JMeterThread: Thread is done: Concurrent - Logic Expire Query 1-45
2026-01-01 12:42:08,848 INFO o.a.j.t.JMeterThread: Thread finished: Concurrent - Logic Expire Query 1-45
2026-01-01 12:42:08,859 INFO o.a.j.t.JMeterThread: Thread is done: Concurrent - Logic Expire Query 1-46
2026-01-01 12:42:08,859 INFO o.a.j.t.JMeterThread: Thread finished: Concurrent - Logic Expire Query 1-46
2026-01-01 12:42:08,864 INFO o.a.j.t.JMeterThread: Thread is done: Concurrent - Logic Expire Query 1-47
2026-01-01 12:42:08,865 INFO o.a.j.t.JMeterThread: Thread finished: Concurrent - Logic Expire Query 1-47
2026-01-01 12:42:08,871 INFO o.a.j.t.JMeterThread: Thread is done: Concurrent - Logic Expire Query 1-48
2026-01-01 12:42:08,871 INFO o.a.j.t.JMeterThread: Thread finished: Concurrent - Logic Expire Query 1-48
2026-01-01 12:42:08,884 INFO o.a.j.t.JMeterThread: Thread is done: Concurrent - Logic Expire Query 1-49
2026-01-01 12:42:08,884 INFO o.a.j.t.JMeterThread: Thread finished: Concurrent - Logic Expire Query 1-49
2026-01-01 12:42:08,899 INFO o.a.j.t.JMeterThread: Thread is done: Concurrent - Logic Expire Query 1-50
2026-01-01 12:42:08,899 INFO o.a.j.t.JMeterThread: Thread finished: Concurrent - Logic Expire Query 1-50
2026-01-01 12:42:08,906 INFO o.a.j.t.JMeterThread: Thread is done: Concurrent - Logic Expire Query 1-51
2026-01-01 12:42:08,906 INFO o.a.j.t.JMeterThread: Thread finished: Concurrent - Logic Expire Query 1-51
2026-01-01 12:42:08,919 INFO o.a.j.t.JMeterThread: Thread is done: Concurrent - Logic Expire Query 1-52
2026-01-01 12:42:08,919 INFO o.a.j.t.JMeterThread: Thread finished: Concurrent - Logic Expire Query 1-52
2026-01-01 12:42:08,923 INFO o.a.j.t.JMeterThread: Thread is done: Concurrent - Logic Expire Query 1-53
2026-01-01 12:42:08,923 INFO o.a.j.t.JMeterThread: Thread finished: Concurrent - Logic Expire Query 1-53
2026-01-01 12:42:08,943 INFO o.a.j.t.JMeterThread: Thread is done: Concurrent - Logic Expire Query 1-54
2026-01-01 12:42:08,943 INFO o.a.j.t.JMeterThread: Thread finished: Concurrent - Logic Expire Query 1-54
2026-01-01 12:42:08,948 INFO o.a.j.t.JMeterThread: Thread is done: Concurrent - Logic Expire Query 1-55
2026-01-01 12:42:08,948 INFO o.a.j.t.JMeterThread: Thread finished: Concurrent - Logic Expire Query 1-55
2026-01-01 12:42:08,951 INFO o.a.j.t.JMeterThread: Thread is done: Concurrent - Logic Expire Query 1-56
2026-01-01 12:42:08,951 INFO o.a.j.t.JMeterThread: Thread finished: Concurrent - Logic Expire Query 1-56
2026-01-01 12:42:08,964 INFO o.a.j.t.JMeterThread: Thread is done: Concurrent - Logic Expire Query 1-57
2026-01-01 12:42:08,964 INFO o.a.j.t.JMeterThread: Thread finished: Concurrent - Logic Expire Query 1-57
2026-01-01 12:42:08,972 INFO o.a.j.t.JMeterThread: Thread is done: Concurrent - Logic Expire Query 1-58
2026-01-01 12:42:08,972 INFO o.a.j.t.JMeterThread: Thread finished: Concurrent - Logic Expire Query 1-58
2026-01-01 12:42:08,988 INFO o.a.j.t.JMeterThread: Thread is done: Concurrent - Logic Expire Query 1-59
2026-01-01 12:42:08,989 INFO o.a.j.t.JMeterThread: Thread finished: Concurrent - Logic Expire Query 1-59
2026-01-01 12:42:08,994 INFO o.a.j.t.JMeterThread: Thread is done: Concurrent - Logic Expire Query 1-60
2026-01-01 12:42:08,994 INFO o.a.j.t.JMeterThread: Thread finished: Concurrent - Logic Expire Query 1-60
2026-01-01 12:42:09,004 INFO o.a.j.t.JMeterThread: Thread is done: Concurrent - Logic Expire Query 1-61
2026-01-01 12:42:09,004 INFO o.a.j.t.JMeterThread: Thread finished: Concurrent - Logic Expire Query 1-61
2026-01-01 12:42:09,015 INFO o.a.j.t.JMeterThread: Thread is done: Concurrent - Logic Expire Query 1-62
2026-01-01 12:42:09,015 INFO o.a.j.t.JMeterThread: Thread finished: Concurrent - Logic Expire Query 1-62
2026-01-01 12:42:09,025 INFO o.a.j.t.JMeterThread: Thread is done: Concurrent - Logic Expire Query 1-63
2026-01-01 12:42:09,025 INFO o.a.j.t.JMeterThread: Thread finished: Concurrent - Logic Expire Query 1-63
2026-01-01 12:42:09,035 INFO o.a.j.t.JMeterThread: Thread is done: Concurrent - Logic Expire Query 1-64
2026-01-01 12:42:09,035 INFO o.a.j.t.JMeterThread: Thread finished: Concurrent - Logic Expire Query 1-64
2026-01-01 12:42:09,047 INFO o.a.j.t.JMeterThread: Thread is done: Concurrent - Logic Expire Query 1-65
2026-01-01 12:42:09,047 INFO o.a.j.t.JMeterThread: Thread finished: Concurrent - Logic Expire Query 1-65
2026-01-01 12:42:09,120 INFO o.a.j.t.JMeterThread: Thread is done: Concurrent - Logic Expire Query 1-68
2026-01-01 12:42:09,120 INFO o.a.j.t.JMeterThread: Thread finished: Concurrent - Logic Expire Query 1-68
2026-01-01 12:42:09,120 INFO o.a.j.t.JMeterThread: Thread is done: Concurrent - Logic Expire Query 1-69
2026-01-01 12:42:09,120 INFO o.a.j.t.JMeterThread: Thread finished: Concurrent - Logic Expire Query 1-69
2026-01-01 12:42:09,120 INFO o.a.j.t.JMeterThread: Thread is done: Concurrent - Logic Expire Query 1-67
2026-01-01 12:42:09,120 INFO o.a.j.t.JMeterThread: Thread finished: Concurrent - Logic Expire Query 1-67
2026-01-01 12:42:09,121 INFO o.a.j.t.JMeterThread: Thread is done: Concurrent - Logic Expire Query 1-71
2026-01-01 12:42:09,121 INFO o.a.j.t.JMeterThread: Thread is done: Concurrent - Logic Expire Query 1-66
2026-01-01 12:42:09,121 INFO o.a.j.t.JMeterThread: Thread finished: Concurrent - Logic Expire Query 1-71
2026-01-01 12:42:09,121 INFO o.a.j.t.JMeterThread: Thread finished: Concurrent - Logic Expire Query 1-66
2026-01-01 12:42:09,122 INFO o.a.j.t.JMeterThread: Thread is done: Concurrent - Logic Expire Query 1-70
2026-01-01 12:42:09,122 INFO o.a.j.t.JMeterThread: Thread finished: Concurrent - Logic Expire Query 1-70
2026-01-01 12:42:09,128 INFO o.a.j.t.JMeterThread: Thread is done: Concurrent - Logic Expire Query 1-72
2026-01-01 12:42:09,128 INFO o.a.j.t.JMeterThread: Thread finished: Concurrent - Logic Expire Query 1-72
2026-01-01 12:42:09,151 INFO o.a.j.t.JMeterThread: Thread is done: Concurrent - Logic Expire Query 1-73
2026-01-01 12:42:09,151 INFO o.a.j.t.JMeterThread: Thread finished: Concurrent - Logic Expire Query 1-73
2026-01-01 12:42:09,155 INFO o.a.j.t.JMeterThread: Thread is done: Concurrent - Logic Expire Query 1-74
2026-01-01 12:42:09,156 INFO o.a.j.t.JMeterThread: Thread finished: Concurrent - Logic Expire Query 1-74
2026-01-01 12:42:09,156 INFO o.a.j.t.JMeterThread: Thread is done: Concurrent - Logic Expire Query 1-75
2026-01-01 12:42:09,156 INFO o.a.j.t.JMeterThread: Thread is done: Concurrent - Logic Expire Query 1-76
2026-01-01 12:42:09,156 INFO o.a.j.t.JMeterThread: Thread finished: Concurrent - Logic Expire Query 1-76
2026-01-01 12:42:09,156 INFO o.a.j.t.JMeterThread: Thread finished: Concurrent - Logic Expire Query 1-75
2026-01-01 12:42:09,170 INFO o.a.j.t.JMeterThread: Thread is done: Concurrent - Logic Expire Query 1-77
2026-01-01 12:42:09,170 INFO o.a.j.t.JMeterThread: Thread finished: Concurrent - Logic Expire Query 1-77
2026-01-01 12:42:09,177 INFO o.a.j.t.JMeterThread: Thread is done: Concurrent - Logic Expire Query 1-78
2026-01-01 12:42:09,177 INFO o.a.j.t.JMeterThread: Thread finished: Concurrent - Logic Expire Query 1-78
2026-01-01 12:42:09,186 INFO o.a.j.t.JMeterThread: Thread is done: Concurrent - Logic Expire Query 1-79
2026-01-01 12:42:09,186 INFO o.a.j.t.JMeterThread: Thread finished: Concurrent - Logic Expire Query 1-79
2026-01-01 12:42:09,198 INFO o.a.j.t.JMeterThread: Thread is done: Concurrent - Logic Expire Query 1-80
2026-01-01 12:42:09,198 INFO o.a.j.t.JMeterThread: Thread finished: Concurrent - Logic Expire Query 1-80
2026-01-01 12:42:09,210 INFO o.a.j.t.JMeterThread: Thread is done: Concurrent - Logic Expire Query 1-81
2026-01-01 12:42:09,210 INFO o.a.j.t.JMeterThread: Thread finished: Concurrent - Logic Expire Query 1-81
2026-01-01 12:42:09,219 INFO o.a.j.t.JMeterThread: Thread is done: Concurrent - Logic Expire Query 1-82
2026-01-01 12:42:09,219 INFO o.a.j.t.JMeterThread: Thread finished: Concurrent - Logic Expire Query 1-82
2026-01-01 12:42:09,223 INFO o.a.j.t.JMeterThread: Thread is done: Concurrent - Logic Expire Query 1-83
2026-01-01 12:42:09,223 INFO o.a.j.t.JMeterThread: Thread finished: Concurrent - Logic Expire Query 1-83
2026-01-01 12:42:09,234 INFO o.a.j.t.JMeterThread: Thread is done: Concurrent - Logic Expire Query 1-84
2026-01-01 12:42:09,234 INFO o.a.j.t.JMeterThread: Thread finished: Concurrent - Logic Expire Query 1-84
2026-01-01 12:42:09,250 INFO o.a.j.t.JMeterThread: Thread is done: Concurrent - Logic Expire Query 1-85
2026-01-01 12:42:09,250 INFO o.a.j.t.JMeterThread: Thread finished: Concurrent - Logic Expire Query 1-85
2026-01-01 12:42:09,258 INFO o.a.j.t.JMeterThread: Thread is done: Concurrent - Logic Expire Query 1-86
2026-01-01 12:42:09,259 INFO o.a.j.t.JMeterThread: Thread finished: Concurrent - Logic Expire Query 1-86
2026-01-01 12:42:09,269 INFO o.a.j.t.JMeterThread: Thread is done: Concurrent - Logic Expire Query 1-87
2026-01-01 12:42:09,269 INFO o.a.j.t.JMeterThread: Thread finished: Concurrent - Logic Expire Query 1-87
2026-01-01 12:42:09,278 INFO o.a.j.t.JMeterThread: Thread is done: Concurrent - Logic Expire Query 1-88
2026-01-01 12:42:09,278 INFO o.a.j.t.JMeterThread: Thread finished: Concurrent - Logic Expire Query 1-88
2026-01-01 12:42:09,288 INFO o.a.j.t.JMeterThread: Thread is done: Concurrent - Logic Expire Query 1-89
2026-01-01 12:42:09,288 INFO o.a.j.t.JMeterThread: Thread finished: Concurrent - Logic Expire Query 1-89
2026-01-01 12:42:09,294 INFO o.a.j.t.JMeterThread: Thread is done: Concurrent - Logic Expire Query 1-90
2026-01-01 12:42:09,294 INFO o.a.j.t.JMeterThread: Thread finished: Concurrent - Logic Expire Query 1-90
2026-01-01 12:42:09,299 INFO o.a.j.t.JMeterThread: Thread is done: Concurrent - Logic Expire Query 1-91
2026-01-01 12:42:09,299 INFO o.a.j.t.JMeterThread: Thread finished: Concurrent - Logic Expire Query 1-91
2026-01-01 12:42:09,316 INFO o.a.j.t.JMeterThread: Thread is done: Concurrent - Logic Expire Query 1-92
2026-01-01 12:42:09,316 INFO o.a.j.t.JMeterThread: Thread finished: Concurrent - Logic Expire Query 1-92
2026-01-01 12:42:09,324 INFO o.a.j.t.JMeterThread: Thread is done: Concurrent - Logic Expire Query 1-93
2026-01-01 12:42:09,324 INFO o.a.j.t.JMeterThread: Thread finished: Concurrent - Logic Expire Query 1-93
2026-01-01 12:42:09,333 INFO o.a.j.t.JMeterThread: Thread is done: Concurrent - Logic Expire Query 1-94
2026-01-01 12:42:09,333 INFO o.a.j.t.JMeterThread: Thread finished: Concurrent - Logic Expire Query 1-94
2026-01-01 12:42:09,348 INFO o.a.j.t.JMeterThread: Thread is done: Concurrent - Logic Expire Query 1-95
2026-01-01 12:42:09,348 INFO o.a.j.t.JMeterThread: Thread finished: Concurrent - Logic Expire Query 1-95
2026-01-01 12:42:09,356 INFO o.a.j.t.JMeterThread: Thread is done: Concurrent - Logic Expire Query 1-96
2026-01-01 12:42:09,356 INFO o.a.j.t.JMeterThread: Thread finished: Concurrent - Logic Expire Query 1-96
2026-01-01 12:42:09,367 INFO o.a.j.t.JMeterThread: Thread is done: Concurrent - Logic Expire Query 1-97
2026-01-01 12:42:09,367 INFO o.a.j.t.JMeterThread: Thread finished: Concurrent - Logic Expire Query 1-97
2026-01-01 12:42:09,374 INFO o.a.j.t.JMeterThread: Thread is done: Concurrent - Logic Expire Query 1-98
2026-01-01 12:42:09,374 INFO o.a.j.t.JMeterThread: Thread finished: Concurrent - Logic Expire Query 1-98
2026-01-01 12:42:09,383 INFO o.a.j.t.JMeterThread: Thread is done: Concurrent - Logic Expire Query 1-99
2026-01-01 12:42:09,383 INFO o.a.j.t.JMeterThread: Thread finished: Concurrent - Logic Expire Query 1-99
2026-01-01 12:42:09,398 INFO o.a.j.t.JMeterThread: Thread is done: Concurrent - Logic Expire Query 1-100
2026-01-01 12:42:09,398 INFO o.a.j.t.JMeterThread: Thread finished: Concurrent - Logic Expire Query 1-100
2026-01-01 12:42:09,403 INFO o.a.j.t.JMeterThread: Thread is done: Concurrent - Logic Expire Query 1-101
2026-01-01 12:42:09,403 INFO o.a.j.t.JMeterThread: Thread finished: Concurrent - Logic Expire Query 1-101
2026-01-01 12:42:09,410 INFO o.a.j.t.JMeterThread: Thread is done: Concurrent - Logic Expire Query 1-102
2026-01-01 12:42:09,410 INFO o.a.j.t.JMeterThread: Thread finished: Concurrent - Logic Expire Query 1-102
2026-01-01 12:42:09,424 INFO o.a.j.t.JMeterThread: Thread is done: Concurrent - Logic Expire Query 1-103
2026-01-01 12:42:09,424 INFO o.a.j.t.JMeterThread: Thread finished: Concurrent - Logic Expire Query 1-103
2026-01-01 12:42:09,435 INFO o.a.j.t.JMeterThread: Thread is done: Concurrent - Logic Expire Query 1-104
2026-01-01 12:42:09,435 INFO o.a.j.t.JMeterThread: Thread finished: Concurrent - Logic Expire Query 1-104
2026-01-01 12:42:09,441 INFO o.a.j.t.JMeterThread: Thread is done: Concurrent - Logic Expire Query 1-105
2026-01-01 12:42:09,441 INFO o.a.j.t.JMeterThread: Thread finished: Concurrent - Logic Expire Query 1-105
2026-01-01 12:42:09,453 INFO o.a.j.t.JMeterThread: Thread is done: Concurrent - Logic Expire Query 1-106
2026-01-01 12:42:09,453 INFO o.a.j.t.JMeterThread: Thread finished: Concurrent - Logic Expire Query 1-106
2026-01-01 12:42:09,465 INFO o.a.j.t.JMeterThread: Thread is done: Concurrent - Logic Expire Query 1-107
2026-01-01 12:42:09,465 INFO o.a.j.t.JMeterThread: Thread finished: Concurrent - Logic Expire Query 1-107
2026-01-01 12:42:09,476 INFO o.a.j.t.JMeterThread: Thread is done: Concurrent - Logic Expire Query 1-108
2026-01-01 12:42:09,476 INFO o.a.j.t.JMeterThread: Thread finished: Concurrent - Logic Expire Query 1-108
2026-01-01 12:42:09,484 INFO o.a.j.t.JMeterThread: Thread is done: Concurrent - Logic Expire Query 1-109
2026-01-01 12:42:09,484 INFO o.a.j.t.JMeterThread: Thread finished: Concurrent - Logic Expire Query 1-109
2026-01-01 12:42:09,494 INFO o.a.j.t.JMeterThread: Thread is done: Concurrent - Logic Expire Query 1-110
2026-01-01 12:42:09,494 INFO o.a.j.t.JMeterThread: Thread finished: Concurrent - Logic Expire Query 1-110
2026-01-01 12:42:09,507 INFO o.a.j.t.JMeterThread: Thread is done: Concurrent - Logic Expire Query 1-111
2026-01-01 12:42:09,507 INFO o.a.j.t.JMeterThread: Thread finished: Concurrent - Logic Expire Query 1-111
2026-01-01 12:42:09,517 INFO o.a.j.t.JMeterThread: Thread is done: Concurrent - Logic Expire Query 1-112
2026-01-01 12:42:09,517 INFO o.a.j.t.JMeterThread: Thread finished: Concurrent - Logic Expire Query 1-112
2026-01-01 12:42:09,527 INFO o.a.j.t.JMeterThread: Thread is done: Concurrent - Logic Expire Query 1-113
2026-01-01 12:42:09,527 INFO o.a.j.t.JMeterThread: Thread finished: Concurrent - Logic Expire Query 1-113
2026-01-01 12:42:09,534 INFO o.a.j.t.JMeterThread: Thread is done: Concurrent - Logic Expire Query 1-114
2026-01-01 12:42:09,534 INFO o.a.j.t.JMeterThread: Thread finished: Concurrent - Logic Expire Query 1-114
2026-01-01 12:42:09,545 INFO o.a.j.t.JMeterThread: Thread is done: Concurrent - Logic Expire Query 1-115
2026-01-01 12:42:09,546 INFO o.a.j.t.JMeterThread: Thread finished: Concurrent - Logic Expire Query 1-115
2026-01-01 12:42:09,553 INFO o.a.j.t.JMeterThread: Thread is done: Concurrent - Logic Expire Query 1-116
2026-01-01 12:42:09,553 INFO o.a.j.t.JMeterThread: Thread finished: Concurrent - Logic Expire Query 1-116
2026-01-01 12:42:09,574 INFO o.a.j.t.JMeterThread: Thread is done: Concurrent - Logic Expire Query 1-118
2026-01-01 12:42:09,574 INFO o.a.j.t.JMeterThread: Thread finished: Concurrent - Logic Expire Query 1-118
2026-01-01 12:42:09,574 INFO o.a.j.t.JMeterThread: Thread is done: Concurrent - Logic Expire Query 1-117
2026-01-01 12:42:09,574 INFO o.a.j.t.JMeterThread: Thread finished: Concurrent - Logic Expire Query 1-117
2026-01-01 12:42:09,583 INFO o.a.j.t.JMeterThread: Thread is done: Concurrent - Logic Expire Query 1-119
2026-01-01 12:42:09,583 INFO o.a.j.t.JMeterThread: Thread finished: Concurrent - Logic Expire Query 1-119
2026-01-01 12:42:09,588 INFO o.a.j.t.JMeterThread: Thread is done: Concurrent - Logic Expire Query 1-120
2026-01-01 12:42:09,588 INFO o.a.j.t.JMeterThread: Thread finished: Concurrent - Logic Expire Query 1-120
2026-01-01 12:42:09,605 INFO o.a.j.t.JMeterThread: Thread is done: Concurrent - Logic Expire Query 1-121
2026-01-01 12:42:09,605 INFO o.a.j.t.JMeterThread: Thread finished: Concurrent - Logic Expire Query 1-121
2026-01-01 12:42:09,615 INFO o.a.j.t.JMeterThread: Thread is done: Concurrent - Logic Expire Query 1-122
2026-01-01 12:42:09,615 INFO o.a.j.t.JMeterThread: Thread finished: Concurrent - Logic Expire Query 1-122
2026-01-01 12:42:09,628 INFO o.a.j.t.JMeterThread: Thread is done: Concurrent - Logic Expire Query 1-123
2026-01-01 12:42:09,628 INFO o.a.j.t.JMeterThread: Thread finished: Concurrent - Logic Expire Query 1-123
2026-01-01 12:42:09,634 INFO o.a.j.t.JMeterThread: Thread is done: Concurrent - Logic Expire Query 1-124
2026-01-01 12:42:09,634 INFO o.a.j.t.JMeterThread: Thread finished: Concurrent - Logic Expire Query 1-124
2026-01-01 12:42:09,639 INFO o.a.j.t.JMeterThread: Thread is done: Concurrent - Logic Expire Query 1-125
2026-01-01 12:42:09,639 INFO o.a.j.t.JMeterThread: Thread finished: Concurrent - Logic Expire Query 1-125
2026-01-01 12:42:09,657 INFO o.a.j.t.JMeterThread: Thread is done: Concurrent - Logic Expire Query 1-126
2026-01-01 12:42:09,657 INFO o.a.j.t.JMeterThread: Thread finished: Concurrent - Logic Expire Query 1-126
2026-01-01 12:42:09,663 INFO o.a.j.t.JMeterThread: Thread is done: Concurrent - Logic Expire Query 1-127
2026-01-01 12:42:09,663 INFO o.a.j.t.JMeterThread: Thread finished: Concurrent - Logic Expire Query 1-127
2026-01-01 12:42:09,676 INFO o.a.j.t.JMeterThread: Thread is done: Concurrent - Logic Expire Query 1-128
2026-01-01 12:42:09,676 INFO o.a.j.t.JMeterThread: Thread finished: Concurrent - Logic Expire Query 1-128
2026-01-01 12:42:09,687 INFO o.a.j.t.JMeterThread: Thread is done: Concurrent - Logic Expire Query 1-129
2026-01-01 12:42:09,687 INFO o.a.j.t.JMeterThread: Thread finished: Concurrent - Logic Expire Query 1-129
2026-01-01 12:42:09,689 INFO o.a.j.t.JMeterThread: Thread is done: Concurrent - Logic Expire Query 1-130
2026-01-01 12:42:09,689 INFO o.a.j.t.JMeterThread: Thread finished: Concurrent - Logic Expire Query 1-130
2026-01-01 12:42:09,705 INFO o.a.j.t.JMeterThread: Thread is done: Concurrent - Logic Expire Query 1-131
2026-01-01 12:42:09,705 INFO o.a.j.t.JMeterThread: Thread finished: Concurrent - Logic Expire Query 1-131
2026-01-01 12:42:09,718 INFO o.a.j.t.JMeterThread: Thread is done: Concurrent - Logic Expire Query 1-132
2026-01-01 12:42:09,718 INFO o.a.j.t.JMeterThread: Thread finished: Concurrent - Logic Expire Query 1-132
2026-01-01 12:42:09,728 INFO o.a.j.t.JMeterThread: Thread is done: Concurrent - Logic Expire Query 1-133
2026-01-01 12:42:09,728 INFO o.a.j.t.JMeterThread: Thread finished: Concurrent - Logic Expire Query 1-133
2026-01-01 12:42:09,732 INFO o.a.j.t.JMeterThread: Thread is done: Concurrent - Logic Expire Query 1-134
2026-01-01 12:42:09,732 INFO o.a.j.t.JMeterThread: Thread finished: Concurrent - Logic Expire Query 1-134
2026-01-01 12:42:09,742 INFO o.a.j.t.JMeterThread: Thread is done: Concurrent - Logic Expire Query 1-135
2026-01-01 12:42:09,742 INFO o.a.j.t.JMeterThread: Thread finished: Concurrent - Logic Expire Query 1-135
2026-01-01 12:42:09,756 INFO o.a.j.t.JMeterThread: Thread is done: Concurrent - Logic Expire Query 1-136
2026-01-01 12:42:09,756 INFO o.a.j.t.JMeterThread: Thread finished: Concurrent - Logic Expire Query 1-136
2026-01-01 12:42:09,760 INFO o.a.j.t.JMeterThread: Thread is done: Concurrent - Logic Expire Query 1-137
2026-01-01 12:42:09,760 INFO o.a.j.t.JMeterThread: Thread finished: Concurrent - Logic Expire Query 1-137
2026-01-01 12:42:09,776 INFO o.a.j.t.JMeterThread: Thread is done: Concurrent - Logic Expire Query 1-138
2026-01-01 12:42:09,776 INFO o.a.j.t.JMeterThread: Thread finished: Concurrent - Logic Expire Query 1-138
2026-01-01 12:42:09,788 INFO o.a.j.t.JMeterThread: Thread is done: Concurrent - Logic Expire Query 1-139
2026-01-01 12:42:09,788 INFO o.a.j.t.JMeterThread: Thread finished: Concurrent - Logic Expire Query 1-139
2026-01-01 12:42:09,794 INFO o.a.j.t.JMeterThread: Thread is done: Concurrent - Logic Expire Query 1-140
2026-01-01 12:42:09,794 INFO o.a.j.t.JMeterThread: Thread finished: Concurrent - Logic Expire Query 1-140
2026-01-01 12:42:09,803 INFO o.a.j.t.JMeterThread: Thread is done: Concurrent - Logic Expire Query 1-141
2026-01-01 12:42:09,803 INFO o.a.j.t.JMeterThread: Thread finished: Concurrent - Logic Expire Query 1-141
2026-01-01 12:42:09,817 INFO o.a.j.t.JMeterThread: Thread is done: Concurrent - Logic Expire Query 1-142
2026-01-01 12:42:09,818 INFO o.a.j.t.JMeterThread: Thread finished: Concurrent - Logic Expire Query 1-142
2026-01-01 12:42:09,827 INFO o.a.j.t.JMeterThread: Thread is done: Concurrent - Logic Expire Query 1-143
2026-01-01 12:42:09,827 INFO o.a.j.t.JMeterThread: Thread finished: Concurrent - Logic Expire Query 1-143
2026-01-01 12:42:09,845 INFO o.a.j.t.JMeterThread: Thread is done: Concurrent - Logic Expire Query 1-144
2026-01-01 12:42:09,845 INFO o.a.j.t.JMeterThread: Thread finished: Concurrent - Logic Expire Query 1-144
2026-01-01 12:42:09,847 INFO o.a.j.t.JMeterThread: Thread is done: Concurrent - Logic Expire Query 1-145
2026-01-01 12:42:09,848 INFO o.a.j.t.JMeterThread: Thread finished: Concurrent - Logic Expire Query 1-145
2026-01-01 12:42:09,860 INFO o.a.j.t.JMeterThread: Thread is done: Concurrent - Logic Expire Query 1-146
2026-01-01 12:42:09,860 INFO o.a.j.t.JMeterThread: Thread finished: Concurrent - Logic Expire Query 1-146
2026-01-01 12:42:09,868 INFO o.a.j.t.JMeterThread: Thread is done: Concurrent - Logic Expire Query 1-147
2026-01-01 12:42:09,868 INFO o.a.j.t.JMeterThread: Thread finished: Concurrent - Logic Expire Query 1-147
2026-01-01 12:42:09,874 INFO o.a.j.t.JMeterThread: Thread is done: Concurrent - Logic Expire Query 1-148
2026-01-01 12:42:09,874 INFO o.a.j.t.JMeterThread: Thread finished: Concurrent - Logic Expire Query 1-148
2026-01-01 12:42:09,883 INFO o.a.j.t.JMeterThread: Thread is done: Concurrent - Logic Expire Query 1-149
2026-01-01 12:42:09,883 INFO o.a.j.t.JMeterThread: Thread finished: Concurrent - Logic Expire Query 1-149
2026-01-01 12:42:09,890 INFO o.a.j.t.JMeterThread: Thread is done: Concurrent - Logic Expire Query 1-150
2026-01-01 12:42:09,890 INFO o.a.j.t.JMeterThread: Thread finished: Concurrent - Logic Expire Query 1-150
2026-01-01 12:42:09,914 INFO o.a.j.t.JMeterThread: Thread is done: Concurrent - Logic Expire Query 1-152
2026-01-01 12:42:09,914 INFO o.a.j.t.JMeterThread: Thread finished: Concurrent - Logic Expire Query 1-152
2026-01-01 12:42:09,917 INFO o.a.j.t.JMeterThread: Thread is done: Concurrent - Logic Expire Query 1-151
2026-01-01 12:42:09,917 INFO o.a.j.t.JMeterThread: Thread finished: Concurrent - Logic Expire Query 1-151
2026-01-01 12:42:09,925 INFO o.a.j.t.JMeterThread: Thread is done: Concurrent - Logic Expire Query 1-153
2026-01-01 12:42:09,926 INFO o.a.j.t.JMeterThread: Thread finished: Concurrent - Logic Expire Query 1-153
2026-01-01 12:42:09,935 INFO o.a.j.t.JMeterThread: Thread is done: Concurrent - Logic Expire Query 1-154
2026-01-01 12:42:09,935 INFO o.a.j.t.JMeterThread: Thread finished: Concurrent - Logic Expire Query 1-154
2026-01-01 12:42:09,947 INFO o.a.j.t.JMeterThread: Thread is done: Concurrent - Logic Expire Query 1-155
2026-01-01 12:42:09,947 INFO o.a.j.t.JMeterThread: Thread finished: Concurrent - Logic Expire Query 1-155
2026-01-01 12:42:09,953 INFO o.a.j.t.JMeterThread: Thread is done: Concurrent - Logic Expire Query 1-156
2026-01-01 12:42:09,953 INFO o.a.j.t.JMeterThread: Thread finished: Concurrent - Logic Expire Query 1-156
2026-01-01 12:42:09,969 INFO o.a.j.t.JMeterThread: Thread is done: Concurrent - Logic Expire Query 1-157
2026-01-01 12:42:09,969 INFO o.a.j.t.JMeterThread: Thread finished: Concurrent - Logic Expire Query 1-157
2026-01-01 12:42:09,978 INFO o.a.j.t.JMeterThread: Thread is done: Concurrent - Logic Expire Query 1-158
2026-01-01 12:42:09,978 INFO o.a.j.t.JMeterThread: Thread finished: Concurrent - Logic Expire Query 1-158
2026-01-01 12:42:09,985 INFO o.a.j.t.JMeterThread: Thread is done: Concurrent - Logic Expire Query 1-159
2026-01-01 12:42:09,985 INFO o.a.j.t.JMeterThread: Thread finished: Concurrent - Logic Expire Query 1-159
2026-01-01 12:42:09,994 INFO o.a.j.t.JMeterThread: Thread is done: Concurrent - Logic Expire Query 1-160
2026-01-01 12:42:09,994 INFO o.a.j.t.JMeterThread: Thread finished: Concurrent - Logic Expire Query 1-160
2026-01-01 12:42:10,004 INFO o.a.j.t.JMeterThread: Thread is done: Concurrent - Logic Expire Query 1-161
2026-01-01 12:42:10,004 INFO o.a.j.t.JMeterThread: Thread finished: Concurrent - Logic Expire Query 1-161
2026-01-01 12:42:10,016 INFO o.a.j.t.JMeterThread: Thread is done: Concurrent - Logic Expire Query 1-162
2026-01-01 12:42:10,016 INFO o.a.j.t.JMeterThread: Thread finished: Concurrent - Logic Expire Query 1-162
2026-01-01 12:42:10,028 INFO o.a.j.t.JMeterThread: Thread is done: Concurrent - Logic Expire Query 1-163
2026-01-01 12:42:10,028 INFO o.a.j.t.JMeterThread: Thread finished: Concurrent - Logic Expire Query 1-163
2026-01-01 12:42:10,037 INFO o.a.j.t.JMeterThread: Thread is done: Concurrent - Logic Expire Query 1-164
2026-01-01 12:42:10,037 INFO o.a.j.t.JMeterThread: Thread finished: Concurrent - Logic Expire Query 1-164
2026-01-01 12:42:10,047 INFO o.a.j.t.JMeterThread: Thread is done: Concurrent - Logic Expire Query 1-165
2026-01-01 12:42:10,047 INFO o.a.j.t.JMeterThread: Thread finished: Concurrent - Logic Expire Query 1-165
2026-01-01 12:42:10,053 INFO o.a.j.t.JMeterThread: Thread is done: Concurrent - Logic Expire Query 1-166
2026-01-01 12:42:10,053 INFO o.a.j.t.JMeterThread: Thread finished: Concurrent - Logic Expire Query 1-166
2026-01-01 12:42:10,065 INFO o.a.j.t.JMeterThread: Thread is done: Concurrent - Logic Expire Query 1-167
2026-01-01 12:42:10,065 INFO o.a.j.t.JMeterThread: Thread finished: Concurrent - Logic Expire Query 1-167
2026-01-01 12:42:10,074 INFO o.a.j.t.JMeterThread: Thread is done: Concurrent - Logic Expire Query 1-168
2026-01-01 12:42:10,074 INFO o.a.j.t.JMeterThread: Thread finished: Concurrent - Logic Expire Query 1-168
2026-01-01 12:42:10,078 INFO o.a.j.t.JMeterThread: Thread is done: Concurrent - Logic Expire Query 1-169
2026-01-01 12:42:10,078 INFO o.a.j.t.JMeterThread: Thread finished: Concurrent - Logic Expire Query 1-169
2026-01-01 12:42:10,097 INFO o.a.j.t.JMeterThread: Thread is done: Concurrent - Logic Expire Query 1-170
2026-01-01 12:42:10,097 INFO o.a.j.t.JMeterThread: Thread finished: Concurrent - Logic Expire Query 1-170
2026-01-01 12:42:10,107 INFO o.a.j.t.JMeterThread: Thread is done: Concurrent - Logic Expire Query 1-171
2026-01-01 12:42:10,107 INFO o.a.j.t.JMeterThread: Thread finished: Concurrent - Logic Expire Query 1-171
2026-01-01 12:42:10,114 INFO o.a.j.t.JMeterThread: Thread is done: Concurrent - Logic Expire Query 1-172
2026-01-01 12:42:10,114 INFO o.a.j.t.JMeterThread: Thread finished: Concurrent - Logic Expire Query 1-172
2026-01-01 12:42:10,127 INFO o.a.j.t.JMeterThread: Thread is done: Concurrent - Logic Expire Query 1-173
2026-01-01 12:42:10,127 INFO o.a.j.t.JMeterThread: Thread finished: Concurrent - Logic Expire Query 1-173
2026-01-01 12:42:10,137 INFO o.a.j.t.JMeterThread: Thread is done: Concurrent - Logic Expire Query 1-174
2026-01-01 12:42:10,138 INFO o.a.j.t.JMeterThread: Thread finished: Concurrent - Logic Expire Query 1-174
2026-01-01 12:42:10,145 INFO o.a.j.t.JMeterThread: Thread is done: Concurrent - Logic Expire Query 1-175
2026-01-01 12:42:10,145 INFO o.a.j.t.JMeterThread: Thread finished: Concurrent - Logic Expire Query 1-175
2026-01-01 12:42:10,158 INFO o.a.j.t.JMeterThread: Thread is done: Concurrent - Logic Expire Query 1-176
2026-01-01 12:42:10,158 INFO o.a.j.t.JMeterThread: Thread finished: Concurrent - Logic Expire Query 1-176
2026-01-01 12:42:10,163 INFO o.a.j.t.JMeterThread: Thread is done: Concurrent - Logic Expire Query 1-177
2026-01-01 12:42:10,163 INFO o.a.j.t.JMeterThread: Thread finished: Concurrent - Logic Expire Query 1-177
2026-01-01 12:42:10,176 INFO o.a.j.t.JMeterThread: Thread is done: Concurrent - Logic Expire Query 1-178
2026-01-01 12:42:10,176 INFO o.a.j.t.JMeterThread: Thread finished: Concurrent - Logic Expire Query 1-178
2026-01-01 12:42:10,183 INFO o.a.j.t.JMeterThread: Thread is done: Concurrent - Logic Expire Query 1-179
2026-01-01 12:42:10,183 INFO o.a.j.t.JMeterThread: Thread finished: Concurrent - Logic Expire Query 1-179
2026-01-01 12:42:10,194 INFO o.a.j.t.JMeterThread: Thread is done: Concurrent - Logic Expire Query 1-180
2026-01-01 12:42:10,194 INFO o.a.j.t.JMeterThread: Thread finished: Concurrent - Logic Expire Query 1-180
2026-01-01 12:42:10,199 INFO o.a.j.t.JMeterThread: Thread is done: Concurrent - Logic Expire Query 1-181
2026-01-01 12:42:10,199 INFO o.a.j.t.JMeterThread: Thread finished: Concurrent - Logic Expire Query 1-181
2026-01-01 12:42:10,220 INFO o.a.j.t.JMeterThread: Thread is done: Concurrent - Logic Expire Query 1-182
2026-01-01 12:42:10,220 INFO o.a.j.t.JMeterThread: Thread finished: Concurrent - Logic Expire Query 1-182
2026-01-01 12:42:10,224 INFO o.a.j.t.JMeterThread: Thread is done: Concurrent - Logic Expire Query 1-183
2026-01-01 12:42:10,224 INFO o.a.j.t.JMeterThread: Thread finished: Concurrent - Logic Expire Query 1-183
2026-01-01 12:42:10,238 INFO o.a.j.t.JMeterThread: Thread is done: Concurrent - Logic Expire Query 1-184
2026-01-01 12:42:10,238 INFO o.a.j.t.JMeterThread: Thread finished: Concurrent - Logic Expire Query 1-184
2026-01-01 12:42:10,244 INFO o.a.j.t.JMeterThread: Thread is done: Concurrent - Logic Expire Query 1-185
2026-01-01 12:42:10,244 INFO o.a.j.t.JMeterThread: Thread finished: Concurrent - Logic Expire Query 1-185
2026-01-01 12:42:10,253 INFO o.a.j.t.JMeterThread: Thread is done: Concurrent - Logic Expire Query 1-186
2026-01-01 12:42:10,253 INFO o.a.j.t.JMeterThread: Thread finished: Concurrent - Logic Expire Query 1-186
2026-01-01 12:42:10,267 INFO o.a.j.t.JMeterThread: Thread is done: Concurrent - Logic Expire Query 1-187
2026-01-01 12:42:10,267 INFO o.a.j.t.JMeterThread: Thread finished: Concurrent - Logic Expire Query 1-187
2026-01-01 12:42:10,276 INFO o.a.j.t.JMeterThread: Thread is done: Concurrent - Logic Expire Query 1-188
2026-01-01 12:42:10,276 INFO o.a.j.t.JMeterThread: Thread finished: Concurrent - Logic Expire Query 1-188
2026-01-01 12:42:10,286 INFO o.a.j.t.JMeterThread: Thread is done: Concurrent - Logic Expire Query 1-189
2026-01-01 12:42:10,286 INFO o.a.j.t.JMeterThread: Thread finished: Concurrent - Logic Expire Query 1-189
2026-01-01 12:42:10,296 INFO o.a.j.t.JMeterThread: Thread is done: Concurrent - Logic Expire Query 1-190
2026-01-01 12:42:10,296 INFO o.a.j.t.JMeterThread: Thread finished: Concurrent - Logic Expire Query 1-190
2026-01-01 12:42:10,303 INFO o.a.j.t.JMeterThread: Thread is done: Concurrent - Logic Expire Query 1-191
2026-01-01 12:42:10,303 INFO o.a.j.t.JMeterThread: Thread finished: Concurrent - Logic Expire Query 1-191
2026-01-01 12:42:10,313 INFO o.a.j.t.JMeterThread: Thread is done: Concurrent - Logic Expire Query 1-192
2026-01-01 12:42:10,313 INFO o.a.j.t.JMeterThread: Thread finished: Concurrent - Logic Expire Query 1-192
2026-01-01 12:42:10,322 INFO o.a.j.t.JMeterThread: Thread is done: Concurrent - Logic Expire Query 1-193
2026-01-01 12:42:10,322 INFO o.a.j.t.JMeterThread: Thread finished: Concurrent - Logic Expire Query 1-193
2026-01-01 12:42:10,337 INFO o.a.j.t.JMeterThread: Thread is done: Concurrent - Logic Expire Query 1-194
2026-01-01 12:42:10,338 INFO o.a.j.t.JMeterThread: Thread finished: Concurrent - Logic Expire Query 1-194
2026-01-01 12:42:10,343 INFO o.a.j.t.JMeterThread: Thread is done: Concurrent - Logic Expire Query 1-195
2026-01-01 12:42:10,343 INFO o.a.j.t.JMeterThread: Thread finished: Concurrent - Logic Expire Query 1-195
2026-01-01 12:42:10,356 INFO o.a.j.t.JMeterThread: Thread is done: Concurrent - Logic Expire Query 1-196
2026-01-01 12:42:10,356 INFO o.a.j.t.JMeterThread: Thread finished: Concurrent - Logic Expire Query 1-196
2026-01-01 12:42:10,366 INFO o.a.j.t.JMeterThread: Thread is done: Concurrent - Logic Expire Query 1-197
2026-01-01 12:42:10,366 INFO o.a.j.t.JMeterThread: Thread finished: Concurrent - Logic Expire Query 1-197
2026-01-01 12:42:10,367 INFO o.a.j.t.JMeterThread: Thread is done: Concurrent - Logic Expire Query 1-198
2026-01-01 12:42:10,367 INFO o.a.j.t.JMeterThread: Thread finished: Concurrent - Logic Expire Query 1-198
2026-01-01 12:42:10,382 INFO o.a.j.t.JMeterThread: Thread is done: Concurrent - Logic Expire Query 1-199
2026-01-01 12:42:10,382 INFO o.a.j.t.JMeterThread: Thread finished: Concurrent - Logic Expire Query 1-199
2026-01-01 12:42:10,395 INFO o.a.j.t.JMeterThread: Thread is done: Concurrent - Logic Expire Query 1-200
2026-01-01 12:42:10,395 INFO o.a.j.t.JMeterThread: Thread finished: Concurrent - Logic Expire Query 1-200
2026-01-01 12:42:10,395 INFO o.a.j.e.StandardJMeterEngine: Notifying test listeners of end of test
2026-01-01 12:42:10,396 INFO o.a.j.r.Summariser: summary =    201 in 00:00:04 =   48.4/s Avg:     3 Min:     0 Max:    98 Err:     0 (0.00%)
